# JRE version: OpenJDK Runtime Environment Corretto-11.0.28.6.1 (11.0.28+6) (build 11.0.28+6-LTS)
# Java VM: OpenJDK 64-Bit Server VM Corretto-11.0.28.6.1 (11.0.28+6-LTS, mixed mode, tiered, compressed oops, g1 gc, windows-amd64)
Heap:
 garbage-first heap   total 589824K, used 154055K [0x0000000621200000, 0x0000000800000000)
  region size 1024K, 123 young (125952K), 17 survivors (17408K)
 Metaspace       used 43762K, capacity 45253K, committed 45516K, reserved 1089536K
  class space    used 4589K, capacity 5204K, committed 5324K, reserved 1048576K
GC Heap History (10 events):
Event: 0.666 GC heap before
{Heap before GC invocations=0 (full 0):
 garbage-first heap   total 491520K, used 23552K [0x0000000621200000, 0x0000000800000000)
  region size 1024K, 24 young (24576K), 0 survivors (0K)
 Metaspace       used 12895K, capacity 13064K, committed 13312K, reserved 1060864K
  class space    used 1183K, capacity 1247K, committed 1280K, reserved 1048576K
}
Event: 0.673 GC heap after
{Heap after GC invocations=1 (full 0):
 garbage-first heap   total 491520K, used 4304K [0x0000000621200000, 0x0000000800000000)
  region size 1024K, 3 young (3072K), 3 survivors (3072K)
 Metaspace       used 12895K, capacity 13064K, committed 13312K, reserved 1060864K
  class space    used 1183K, capacity 1247K, committed 1280K, reserved 1048576K
}
Event: 2.421 GC heap before
{Heap before GC invocations=1 (full 0):
 garbage-first heap   total 491520K, used 124112K [0x0000000621200000, 0x0000000800000000)
  region size 1024K, 121 young (123904K), 3 survivors (3072K)
 Metaspace       used 20888K, capacity 21161K, committed 21248K, reserved 1069056K
  class space    used 1886K, capacity 1962K, committed 2048K, reserved 1048576K
}
Event: 2.435 GC heap after
{Heap after GC invocations=2 (full 0):
 garbage-first heap   total 491520K, used 19400K [0x0000000621200000, 0x0000000800000000)
  region size 1024K, 18 young (18432K), 18 survivors (18432K)
 Metaspace       used 20888K, capacity 21161K, committed 21248K, reserved 1069056K
  class space    used 1886K, capacity 1962K, committed 2048K, reserved 1048576K
}
Event: 3.326 GC heap before
{Heap before GC invocations=3 (full 0):
 garbage-first heap   total 491520K, used 75720K [0x0000000621200000, 0x0000000800000000)
  region size 1024K, 74 young (75776K), 18 survivors (18432K)
 Metaspace       used 24861K, capacity 25238K, committed 25344K, reserved 1073152K
  class space    used 2336K, capacity 2471K, committed 2560K, reserved 1048576K
}
Event: 3.339 GC heap after
{Heap after GC invocations=4 (full 0):
 garbage-first heap   total 491520K, used 26914K [0x0000000621200000, 0x0000000800000000)
  region size 1024K, 8 young (8192K), 8 survivors (8192K)
 Metaspace       used 24861K, capacity 25238K, committed 25344K, reserved 1073152K
  class space    used 2336K, capacity 2471K, committed 2560K, reserved 1048576K
}
Event: 4.545 GC heap before
{Heap before GC invocations=4 (full 0):
 garbage-first heap   total 491520K, used 118050K [0x0000000621200000, 0x0000000800000000)
  region size 1024K, 93 young (95232K), 8 survivors (8192K)
 Metaspace       used 30233K, capacity 30721K, committed 30976K, reserved 1077248K
  class space    used 2871K, capacity 3066K, committed 3072K, reserved 1048576K
}
Event: 4.558 GC heap after
{Heap after GC invocations=5 (full 0):
 garbage-first heap   total 491520K, used 35840K [0x0000000621200000, 0x0000000800000000)
  region size 1024K, 12 young (12288K), 12 survivors (12288K)
 Metaspace       used 30233K, capacity 30721K, committed 30976K, reserved 1077248K
  class space    used 2871K, capacity 3066K, committed 3072K, reserved 1048576K
}
Event: 5.726 GC heap before
{Heap before GC invocations=5 (full 0):
 garbage-first heap   total 491520K, used 131072K [0x0000000621200000, 0x0000000800000000)
  region size 1024K, 106 young (108544K), 12 survivors (12288K)
 Metaspace       used 34697K, capacity 35717K, committed 35840K, reserved 1081344K
  class space    used 3457K, capacity 3831K, committed 3840K, reserved 1048576K
}
Event: 5.748 GC heap after
{Heap after GC invocations=6 (full 0):
 garbage-first heap   total 589824K, used 46535K [0x0000000621200000, 0x0000000800000000)
  region size 1024K, 17 young (17408K), 17 survivors (17408K)
 Metaspace       used 34697K, capacity 35717K, committed 35840K, reserved 1081344K
  class space    used 3457K, capacity 3831K, committed 3840K, reserved 1048576K
}

