# JRE version: OpenJDK Runtime Environment Corretto-11.0.28.6.1 (11.0.28+6) (build 11.0.28+6-LTS)
# Java VM: OpenJDK 64-Bit Server VM Corretto-11.0.28.6.1 (11.0.28+6-LTS, mixed mode, tiered, compressed oops, g1 gc, windows-amd64)
Heap:
 garbage-first heap   total 491520K, used 149603K [0x0000000621200000, 0x0000000800000000)
  region size 1024K, 110 young (112640K), 8 survivors (8192K)
 Metaspace       used 43494K, capacity 44908K, committed 45132K, reserved 1089536K
  class space    used 4576K, capacity 5186K, committed 5196K, reserved 1048576K
GC Heap History (10 events):
Event: 0.716 GC heap before
{Heap before GC invocations=0 (full 0):
 garbage-first heap   total 491520K, used 23552K [0x0000000621200000, 0x0000000800000000)
  region size 1024K, 24 young (24576K), 0 survivors (0K)
 Metaspace       used 12882K, capacity 13064K, committed 13312K, reserved 1060864K
  class space    used 1183K, capacity 1247K, committed 1280K, reserved 1048576K
}
Event: 0.723 GC heap after
{Heap after GC invocations=1 (full 0):
 garbage-first heap   total 491520K, used 4054K [0x0000000621200000, 0x0000000800000000)
  region size 1024K, 3 young (3072K), 3 survivors (3072K)
 Metaspace       used 12882K, capacity 13064K, committed 13312K, reserved 1060864K
  class space    used 1183K, capacity 1247K, committed 1280K, reserved 1048576K
}
Event: 2.338 GC heap before
{Heap before GC invocations=1 (full 0):
 garbage-first heap   total 491520K, used 122838K [0x0000000621200000, 0x0000000800000000)
  region size 1024K, 120 young (122880K), 3 survivors (3072K)
 Metaspace       used 20881K, capacity 21161K, committed 21248K, reserved 1069056K
  class space    used 1884K, capacity 1962K, committed 2048K, reserved 1048576K
}
Event: 2.354 GC heap after
{Heap after GC invocations=2 (full 0):
 garbage-first heap   total 491520K, used 19794K [0x0000000621200000, 0x0000000800000000)
  region size 1024K, 19 young (19456K), 19 survivors (19456K)
 Metaspace       used 20881K, capacity 21161K, committed 21248K, reserved 1069056K
  class space    used 1884K, capacity 1962K, committed 2048K, reserved 1048576K
}
Event: 3.398 GC heap before
{Heap before GC invocations=3 (full 0):
 garbage-first heap   total 491520K, used 85330K [0x0000000621200000, 0x0000000800000000)
  region size 1024K, 84 young (86016K), 19 survivors (19456K)
 Metaspace       used 25520K, capacity 25932K, committed 26112K, reserved 1073152K
  class space    used 2406K, capacity 2533K, committed 2560K, reserved 1048576K
}
Event: 3.413 GC heap after
{Heap after GC invocations=4 (full 0):
 garbage-first heap   total 491520K, used 27824K [0x0000000621200000, 0x0000000800000000)
  region size 1024K, 9 young (9216K), 9 survivors (9216K)
 Metaspace       used 25520K, capacity 25932K, committed 26112K, reserved 1073152K
  class space    used 2406K, capacity 2533K, committed 2560K, reserved 1048576K
}
Event: 4.907 GC heap before
{Heap before GC invocations=4 (full 0):
 garbage-first heap   total 491520K, used 137392K [0x0000000621200000, 0x0000000800000000)
  region size 1024K, 112 young (114688K), 9 survivors (9216K)
 Metaspace       used 31252K, capacity 31773K, committed 32000K, reserved 1077248K
  class space    used 3021K, capacity 3209K, committed 3328K, reserved 1048576K
}
Event: 4.919 GC heap after
{Heap after GC invocations=5 (full 0):
 garbage-first heap   total 491520K, used 39846K [0x0000000621200000, 0x0000000800000000)
  region size 1024K, 12 young (12288K), 12 survivors (12288K)
 Metaspace       used 31252K, capacity 31773K, committed 32000K, reserved 1077248K
  class space    used 3021K, capacity 3209K, committed 3328K, reserved 1048576K
}
Event: 5.650 GC heap before
{Heap before GC invocations=5 (full 0):
 garbage-first heap   total 491520K, used 107430K [0x0000000621200000, 0x0000000800000000)
  region size 1024K, 79 young (80896K), 12 survivors (12288K)
 Metaspace       used 34699K, capacity 35718K, committed 35840K, reserved 1081344K
  class space    used 3457K, capacity 3831K, committed 3840K, reserved 1048576K
}
Event: 5.667 GC heap after
{Heap after GC invocations=6 (full 0):
 garbage-first heap   total 491520K, used 47203K [0x0000000621200000, 0x0000000800000000)
  region size 1024K, 8 young (8192K), 8 survivors (8192K)
 Metaspace       used 34699K, capacity 35718K, committed 35840K, reserved 1081344K
  class space    used 3457K, capacity 3831K, committed 3840K, reserved 1048576K
}

